[00:00:15] [Server thread/INFO]: [Comunalgoat13: Played sound retolatam2.0:abrirmenu to Comunalgoat13]
[00:00:30] [Server thread/INFO]: [Comunalgoat13: Played sound retolatam2.0:cerrarmenu to Comunalgoat13]
[00:08:55] [Server thread/INFO]: [Comunalgoat13: Played sound retolatam2.0:abrirmenu to Comunalgoat13]
[00:08:56] [Server thread/INFO]: [Comunalgoat13: Played sound retolatam2.0:cerrarmenu to Comunalgoat13]
[00:46:49] [Server thread/INFO]: [@: Applied effect Darkness to Comunalgoat13]
[00:46:49] [Server thread/INFO]: [@: Displaying particle minecraft:explosion_emitter]
[00:46:49] [Server thread/INFO]: [@: Teleported Comunalgoat13 to 0.500000, 36.000000, 0.500000]
[00:46:49] [Server thread/INFO]: [@: Played sound minecraft:entity.generic.explode to Comunalgoat13]
[00:46:49] [Server thread/INFO]: [@: Played sound minecraft:entity.generic.explode to Comunalgoat13]
[00:46:49] [Server thread/INFO]: [@: Played sound minecraft:block.portal.travel to Comunalgoat13]
[00:46:49] [Server thread/INFO]: [@: Applied effect Nausea to Comunalgoat13]
[00:46:49] [Server thread/INFO]: [@: Displaying particle minecraft:cloud]
[00:46:49] [Server thread/INFO]: [@: Applied effect Blindness to Comunalgoat13]
[00:47:07] [Server thread/INFO]: Comunalgoat13 issued server command: /spawn
[00:48:17] [Server thread/INFO]: [Comunalgoat13: Played sound retolatam2.0:abrirmenu to Comunalgoat13]
[00:48:18] [Server thread/INFO]: [Comunalgoat13: Played sound retolatam2.0:cerrarmenu to Comunalgoat13]
[00:49:22] [Server thread/INFO]: [Not Secure] [Server] Realmente intento usar el /spawn XD
[00:51:13] [Server thread/INFO]: [Comunalgoat13: Played sound retolatam2.0:abrirmenu to Comunalgoat13]
[00:51:14] [Server thread/INFO]: [Comunalgoat13: Played sound retolatam2.0:cerrarmenu to Comunalgoat13]
[00:55:31] [Server thread/INFO]: Comunalgoat13 has reached the goal [The Next Generation]
[00:55:36] [Server thread/INFO]: [Comunalgoat13: Played sound retolatam2.0:abrirmenu to Comunalgoat13]
[00:55:37] [Server thread/INFO]: [Comunalgoat13: Played sound retolatam2.0:cerrarmenu to Comunalgoat13]
[00:57:55] [Server thread/INFO]: [Comunalgoat13: Played sound retolatam2.0:abrirmenu to Comunalgoat13]
[00:57:56] [Server thread/INFO]: [Comunalgoat13: Played sound retolatam2.0:cerrarmenu to Comunalgoat13]
[01:04:33] [Server thread/INFO]: Comunalgoat13 issued server command: /fill -41 70 28 -48 53 20 dirt
[01:04:33] [Server thread/INFO]: [Comunalgoat13: Successfully filled 1268 block(s)]
[01:04:34] [Server thread/INFO]: Comunalgoat13 issued server command: /gamemode spectator
[01:04:34] [Server thread/INFO]: [Comunalgoat13: Set own game mode to Spectator Mode]
[01:04:37] [Server thread/INFO]: Comunalgoat13 issued server command: /gamemode creative
[01:04:37] [Server thread/INFO]: [Comunalgoat13: Set own game mode to Creative Mode]
[01:06:16] [Server thread/INFO]: [Comunalgoat13: Played sound retolatam2.0:abrirmenu to Comunalgoat13]
[01:06:16] [Server thread/INFO]: [Comunalgoat13: Played sound retolatam2.0:cerrarmenu to Comunalgoat13]
[01:07:13] [Server thread/INFO]: [Comunalgoat13: Played sound retolatam2.0:abrirmenu to Comunalgoat13]
[01:07:14] [Server thread/INFO]: [Comunalgoat13: Played sound retolatam2.0:cerrarmenu to Comunalgoat13]
[01:08:24] [Server thread/INFO]: [Comunalgoat13: Played sound retolatam2.0:abrirmenu to Comunalgoat13]
[01:08:24] [Server thread/INFO]: [Comunalgoat13: Played sound retolatam2.0:cerrarmenu to Comunalgoat13]
[01:08:40] [Server thread/INFO]: [Comunalgoat13: Played sound retolatam2.0:abrirmenu to Comunalgoat13]
[01:08:40] [Server thread/INFO]: [Comunalgoat13: Played sound retolatam2.0:cerrarmenu to Comunalgoat13]
[01:08:51] [Server thread/INFO]: Comunalgoat13 issued server command: /sit
[01:09:37] [Server thread/INFO]: [Comunalgoat13: Played sound retolatam2.0:abrirmenu to Comunalgoat13]
[01:09:38] [Server thread/INFO]: [Comunalgoat13: Played sound retolatam2.0:cerrarmenu to Comunalgoat13]
[01:10:11] [Server thread/INFO]: [Comunalgoat13: Played sound retolatam2.0:abrirmenu to Comunalgoat13]
[01:10:11] [Server thread/INFO]: [Comunalgoat13: Played sound retolatam2.0:cerrarmenu to Comunalgoat13]
[01:13:22] [Server thread/INFO]: [Comunalgoat13: Played sound retolatam2.0:abrirmenu to Comunalgoat13]
[01:13:23] [Server thread/INFO]: [Comunalgoat13: Played sound retolatam2.0:cerrarmenu to Comunalgoat13]
[01:13:46] [Server thread/INFO]: Comunalgoat13 has made the advancement [Glow and Behold!]
[01:14:50] [Server thread/INFO]: [Comunalgoat13: Played sound retolatam2.0:abrirmenu to Comunalgoat13]
[01:14:50] [Server thread/INFO]: [Comunalgoat13: Played sound retolatam2.0:cerrarmenu to Comunalgoat13]
[01:15:14] [Server thread/INFO]: Comunalgoat13 issued server command: /fill -41 70 28 18 87 -29 air
[01:15:35] [Server thread/INFO]: Comunalgoat13 issued server command: /fill 10 70 -24 18 87 -29 air
[01:15:35] [Server thread/INFO]: [Comunalgoat13: Successfully filled 250 block(s)]
[01:17:02] [Server thread/INFO]: [Comunalgoat13: Played sound retolatam2.0:abrirmenu to Comunalgoat13]
[01:17:03] [Server thread/INFO]: [Comunalgoat13: Played sound retolatam2.0:cerrarmenu to Comunalgoat13]
[01:18:48] [Server thread/INFO]: Comunalgoat13 issued server command: /gamemode spectator
[01:18:48] [Server thread/INFO]: [Comunalgoat13: Set own game mode to Spectator Mode]
[01:18:50] [Server thread/INFO]: Comunalgoat13 issued server command: /gamemode creative
[01:18:50] [Server thread/INFO]: [Comunalgoat13: Set own game mode to Creative Mode]
[01:19:32] [Server thread/INFO]: [Comunalgoat13: Played sound retolatam2.0:abrirmenu to Comunalgoat13]
[01:19:32] [Server thread/INFO]: [Comunalgoat13: Played sound retolatam2.0:cerrarmenu to Comunalgoat13]
[01:20:35] [Server thread/INFO]: [Comunalgoat13: Played sound retolatam2.0:abrirmenu to Comunalgoat13]
[01:20:35] [Server thread/INFO]: [Comunalgoat13: Played sound retolatam2.0:cerrarmenu to Comunalgoat13]
[02:09:54] [User Authenticator #1/INFO]: UUID of player Sarh_a180_23 is 180e43ea-7bdf-3837-8381-a01a433c062c
[02:09:54] [Server thread/INFO]: Sarh_a180_23[/127.208.16.98:49641] logged in with entity id 7047 at ([world]-12.699999988079071, 52.74621053079429, 13.161829697622752)
[02:10:18] [Async Chat Thread - #2/INFO]: [Not Secure] ୰ Sarh_a180_23 > Ya llegue :v
[02:10:33] [Async Chat Thread - #2/INFO]: [Not Secure] ୰ Sarh_a180_23 > XD
[02:11:08] [Server thread/INFO]: [Sarh_a180_23: Played sound retolatam2.0:abrirmenu to Sarh_a180_23]
[02:11:09] [Server thread/INFO]: [Sarh_a180_23: Played sound retolatam2.0:cerrarmenu to Sarh_a180_23]
[02:11:10] [Server thread/INFO]: Sarh_a180_23 issued server command: /gamemode spectator
[02:11:10] [Server thread/INFO]: [Sarh_a180_23: Set own game mode to Spectator Mode]
[02:11:16] [Server thread/INFO]: Sarh_a180_23 issued server command: /gamemode creative
[02:11:16] [Server thread/INFO]: [Sarh_a180_23: Set own game mode to Creative Mode]
[02:11:36] [Server thread/INFO]: Sarh_a180_23 lost connection: Disconnected
[02:11:38] [User Authenticator #2/INFO]: UUID of player Sarh_a180_23 is 180e43ea-7bdf-3837-8381-a01a433c062c
[02:11:38] [Server thread/INFO]: Sarh_a180_23[/127.208.16.98:55611] logged in with entity id 7093 at ([world]0.5139095065045477, 46.0, 35.14517407370121)
[02:11:44] [Server thread/INFO]: [CommandPanels] Panel Opened for Sarh_a180_23
[02:11:44] [Server thread/INFO]: [CommandPanels] Panel Opened for Sarh_a180_23
[02:11:45] [Server thread/INFO]: [CommandPanels] Panel Opened for Sarh_a180_23
[02:11:45] [Server thread/INFO]: [CommandPanels] Panel Opened for Sarh_a180_23
[02:11:51] [Server thread/INFO]: Sarh_a180_23 issued server command: /gamemode spectator
[02:11:51] [Server thread/INFO]: [Sarh_a180_23: Set own game mode to Spectator Mode]
[02:13:19] [Server thread/INFO]: Sarh_a180_23 issued server command: /function cpaladeds3:cmd/start_revive
[02:13:19] [Server thread/INFO]: [Sarh_a180_23: Executed 1 command(s) from function 'cpaladeds3:cmd/start_revive']
[02:13:25] [Server thread/INFO]: Sarh_a180_23 issued server command: /gamemode creative
[02:13:25] [Server thread/INFO]: [Sarh_a180_23: Set own game mode to Creative Mode]
[02:13:36] [Server thread/INFO]: Sarh_a180_23 issued server command: /function cpaladeds3:cmd/kill_fogata
[02:13:36] [Server thread/INFO]: [Sarh_a180_23: Executed 2 command(s) from function 'cpaladeds3:cmd/kill_fogata']
[02:13:48] [Server thread/INFO]: Sarh_a180_23 issued server command: /function cpaladeds3:cmd/summon_fogata
[02:13:48] [Server thread/INFO]: [Sarh_a180_23: Executed 1 command(s) from function 'cpaladeds3:cmd/summon_fogata']
[02:13:56] [Server thread/INFO]: Sarh_a180_23 issued server command: /function cpaladeds3:cmd/kill_fogata
[02:13:56] [Server thread/INFO]: [Sarh_a180_23: Executed 2 command(s) from function 'cpaladeds3:cmd/kill_fogata']
[02:13:58] [Server thread/INFO]: Sarh_a180_23 issued server command: /function cpaladeds3:cmd/summon_fogata
[02:13:58] [Server thread/INFO]: [Sarh_a180_23: Executed 1 command(s) from function 'cpaladeds3:cmd/summon_fogata']
[02:14:00] [Async Chat Thread - #3/INFO]: [Not Secure] ୰ Comunalgoat13 > ya vine pero me wua a ir al baño xD
[02:14:05] [Async Chat Thread - #3/INFO]: [Not Secure] ୰ Sarh_a180_23 > XD
[02:14:30] [Server thread/INFO]: Sarh_a180_23 issued server command: /gamemode spectator
[02:14:30] [Server thread/INFO]: [Sarh_a180_23: Set own game mode to Spectator Mode]
[02:14:41] [Server thread/INFO]: Sarh_a180_23 issued server command: /gamemode creative
[02:14:41] [Server thread/INFO]: [Sarh_a180_23: Set own game mode to Creative Mode]
[02:15:05] [Server thread/INFO]: [Sarh_a180_23: Played sound retolatam2.0:abrirmenu to Sarh_a180_23]
[02:15:06] [Server thread/INFO]: [Sarh_a180_23: Played sound retolatam2.0:cerrarmenu to Sarh_a180_23]
[02:17:56] [Server thread/INFO]: [Sarh_a180_23: Played sound retolatam2.0:abrirmenu to Sarh_a180_23]
[02:17:56] [Server thread/INFO]: [Sarh_a180_23: Played sound retolatam2.0:cerrarmenu to Sarh_a180_23]
[02:18:04] [Server thread/INFO]: Sarh_a180_23 issued server command: /gamemode spectator
[02:18:04] [Server thread/INFO]: [Sarh_a180_23: Set own game mode to Spectator Mode]
[02:18:13] [Server thread/INFO]: Sarh_a180_23 issued server command: /gamemode creative
[02:18:13] [Server thread/INFO]: [Sarh_a180_23: Set own game mode to Creative Mode]
[02:18:39] [Server thread/INFO]: Sarh_a180_23 issued server command: /gamemode spectator
[02:18:39] [Server thread/INFO]: [Sarh_a180_23: Set own game mode to Spectator Mode]
[02:21:54] [Server thread/INFO]: Sarh_a180_23 issued server command: /gamemode creative
[02:21:54] [Server thread/INFO]: [Sarh_a180_23: Set own game mode to Creative Mode]
[02:23:25] [Server thread/INFO]: Sarh_a180_23 issued server command: /gamemode spectator
[02:23:25] [Server thread/INFO]: [Sarh_a180_23: Set own game mode to Spectator Mode]
[02:31:46] [Async Chat Thread - #5/INFO]: [Not Secure] ୰ Sarh_a180_23 > AFK, pero ta muy god
[02:43:00] [Server thread/INFO]: Sarh_a180_23 issued server command: /gamemode creative
[02:43:00] [Server thread/INFO]: [Sarh_a180_23: Set own game mode to Creative Mode]
[02:47:47] [Server thread/INFO]: Comunalgoat13 issued server command: /tp Sarh_a180_23
[02:47:47] [Server thread/INFO]: [Comunalgoat13: Teleported Comunalgoat13 to Sarh_a180_23]
[02:47:55] [Server thread/INFO]: [Comunalgoat13: Played sound retolatam2.0:abrirmenu to Comunalgoat13]
[02:47:55] [Server thread/INFO]: [Comunalgoat13: Played sound retolatam2.0:cerrarmenu to Comunalgoat13]
[02:48:12] [Server thread/INFO]: [Comunalgoat13: Played sound retolatam2.0:abrirmenu to Comunalgoat13]
[02:48:13] [Server thread/INFO]: [Comunalgoat13: Played sound retolatam2.0:cerrarmenu to Comunalgoat13]
[02:48:14] [Server thread/INFO]: [Comunalgoat13: Played sound retolatam2.0:abrirmenu to Comunalgoat13]
[02:48:14] [Server thread/INFO]: [Comunalgoat13: Played sound retolatam2.0:cerrarmenu to Comunalgoat13]
[02:49:28] [Server thread/INFO]: Comunalgoat13 issued server command: /sternalboard toggle
[02:51:15] [Server thread/INFO]: [Comunalgoat13: Played sound retolatam2.0:abrirmenu to Comunalgoat13]
[02:51:15] [Server thread/INFO]: [Comunalgoat13: Played sound retolatam2.0:cerrarmenu to Comunalgoat13]
[02:52:32] [Server thread/INFO]: Comunalgoat13 issued server command: /gamemode survival
[02:52:32] [Server thread/INFO]: [Comunalgoat13: Set own game mode to Survival Mode]
[02:53:10] [Server thread/INFO]: Comunalgoat13 issued server command: /gamemode creative
[02:53:10] [Server thread/INFO]: [Comunalgoat13: Set own game mode to Creative Mode]
[02:54:59] [Server thread/INFO]: [CommandPanels] Panel Opened for Comunalgoat13
[02:54:59] [Server thread/INFO]: [CommandPanels] Panel Opened for Comunalgoat13
[02:55:08] [Server thread/INFO]: [CommandPanels] Panel Opened for Comunalgoat13
[02:55:08] [Server thread/INFO]: [CommandPanels] Panel Opened for Comunalgoat13
[02:57:15] [Server thread/INFO]: [Comunalgoat13: Played sound retolatam2.0:abrirmenu to Comunalgoat13]
[02:57:19] [Server thread/INFO]: [Comunalgoat13: Played sound retolatam2.0:cerrarmenu to Comunalgoat13]
[03:01:45] [Async Chat Thread - #7/INFO]: [Not Secure] ୰ Sarh_a180_23 > se ve god
[03:02:04] [Async Chat Thread - #7/INFO]: [Not Secure] ୰ Comunalgoat13 > falta decoracion xD
[03:02:21] [Async Chat Thread - #8/INFO]: [Not Secure] ୰ Sarh_a180_23 > pero asi en general se ve god
[03:02:31] [Async Chat Thread - #7/INFO]: [Not Secure] ୰ Comunalgoat13 > faltan los tikis
[03:02:49] [Async Chat Thread - #8/INFO]: [Not Secure] ୰ Comunalgoat13 > se suponia que ai iva a aver una estatua pero bueno
[03:02:57] [Async Chat Thread - #7/INFO]: [Not Secure] ୰ Sarh_a180_23 > a es verda
[03:03:02] [Async Chat Thread - #7/INFO]: [Not Secure] ୰ Sarh_a180_23 > es que quitaste los carteles XD
[03:03:08] [Async Chat Thread - #9/INFO]: [Not Secure] ୰ Comunalgoat13 > xD
[03:03:12] [Async Chat Thread - #7/INFO]: [Not Secure] ୰ Comunalgoat13 > aqui
[03:03:12] [Async Chat Thread - #8/INFO]: [Not Secure] ୰ Sarh_a180_23 > Me estaba guiando donde no poner a base de eso
[03:03:18] [Async Chat Thread - #7/INFO]: [Not Secure] ୰ Comunalgoat13 > queda perfec con los arboles
[03:03:56] [Server thread/INFO]: [Sarh_a180_23: Played sound retolatam2.0:abrirmenu to Sarh_a180_23]
[03:03:56] [Server thread/INFO]: [Sarh_a180_23: Played sound retolatam2.0:cerrarmenu to Sarh_a180_23]
[03:04:00] [Async Chat Thread - #8/INFO]: [Not Secure] ୰ Sarh_a180_23 > por cierto
[03:04:04] [Async Chat Thread - #7/INFO]: [Not Secure] ୰ Comunalgoat13 > e
[03:04:10] [Async Chat Thread - #8/INFO]: [Not Secure] ୰ Sarh_a180_23 > copiaste las casas con todo y un cofre con cosas XD
[03:04:15] [Async Chat Thread - #7/INFO]: [Not Secure] ୰ Comunalgoat13 > si xD
[03:04:37] [Server thread/INFO]: [Sarh_a180_23: Played sound retolatam2.0:abrirmenu to Sarh_a180_23]
[03:04:37] [Server thread/INFO]: [Sarh_a180_23: Played sound retolatam2.0:cerrarmenu to Sarh_a180_23]
[03:05:13] [Async Chat Thread - #8/INFO]: [Not Secure] ୰ Comunalgoat13 > listo
[03:05:15] [Server thread/INFO]: [Comunalgoat13: Played sound retolatam2.0:abrirmenu to Comunalgoat13]
[03:05:16] [Server thread/INFO]: [Comunalgoat13: Played sound retolatam2.0:cerrarmenu to Comunalgoat13]
[03:05:24] [Async Chat Thread - #7/INFO]: [Not Secure] ୰ Sarh_a180_23 > Se ve bastante bien y con tus shaders se debe ver mas increible
[03:06:30] [Server thread/INFO]: [Comunalgoat13: Played sound retolatam2.0:abrirmenu to Comunalgoat13]
[03:06:30] [Server thread/INFO]: [Comunalgoat13: Played sound retolatam2.0:cerrarmenu to Comunalgoat13]
[03:06:32] [Server thread/INFO]: [Comunalgoat13: Played sound retolatam2.0:abrirmenu to Comunalgoat13]
[03:06:32] [Server thread/INFO]: [Comunalgoat13: Played sound retolatam2.0:cerrarmenu to Comunalgoat13]
[03:06:35] [Server thread/INFO]: [Comunalgoat13: Played sound retolatam2.0:abrirmenu to Comunalgoat13]
[03:06:38] [Server thread/INFO]: [Comunalgoat13: Played sound retolatam2.0:cerrarmenu to Comunalgoat13]
[03:09:21] [Server thread/INFO]: Sarh_a180_23 issued server command: /gamemode spectator
[03:09:21] [Server thread/INFO]: [Sarh_a180_23: Set own game mode to Spectator Mode]
[03:09:39] [Server thread/INFO]: Sarh_a180_23 issued server command: /gamemode creative
[03:09:39] [Server thread/INFO]: [Sarh_a180_23: Set own game mode to Creative Mode]
[03:11:56] [Server thread/INFO]: [Sarh_a180_23: Played sound retolatam2.0:abrirmenu to Sarh_a180_23]
[03:12:37] [Server thread/INFO]: [Sarh_a180_23: Played sound retolatam2.0:cerrarmenu to Sarh_a180_23]
[03:12:59] [Server thread/INFO]: Sarh_a180_23 issued server command: /gamemode spectator
[03:12:59] [Server thread/INFO]: [Sarh_a180_23: Set own game mode to Spectator Mode]
[03:13:05] [Async Chat Thread - #10/INFO]: [Not Secure] ୰ Comunalgoat13 > ayudame aca xD ay mucha rama
[03:13:11] [Async Chat Thread - #10/INFO]: [Not Secure] ୰ Sarh_a180_23 > XD
[03:13:14] [Server thread/INFO]: Sarh_a180_23 issued server command: /gamemode creative
[03:13:14] [Server thread/INFO]: [Sarh_a180_23: Set own game mode to Creative Mode]
[03:13:31] [Async Chat Thread - #12/INFO]: [Not Secure] ୰ Comunalgoat13 > falta iluminacion aca
[03:13:42] [Async Chat Thread - #10/INFO]: [Not Secure] ୰ Sarh_a180_23 > La iluminacion la dan las bayas :v
[03:13:57] [Async Chat Thread - #11/INFO]: [Not Secure] ୰ Comunalgoat13 > ponte pa que salgas xD
[03:14:02] [Async Chat Thread - #11/INFO]: [Not Secure] ୰ Sarh_a180_23 > XD.
[03:14:06] [Server thread/INFO]: Sarh_a180_23 issued server command: /gamemode spectator
[03:14:06] [Server thread/INFO]: [Sarh_a180_23: Set own game mode to Spectator Mode]
[03:14:11] [Server thread/INFO]: Sarh_a180_23 issued server command: /gamemode creative
[03:14:11] [Server thread/INFO]: [Sarh_a180_23: Set own game mode to Creative Mode]
[03:14:41] [Async Chat Thread - #10/INFO]: [Not Secure] ୰ Comunalgoat13 > puedes quitar el fato un momentico?
[03:14:46] [Server thread/INFO]: [Comunalgoat13: Played sound retolatam2.0:abrirmenu to Comunalgoat13]
[03:14:47] [Server thread/INFO]: [Comunalgoat13: Played sound retolatam2.0:cerrarmenu to Comunalgoat13]
[03:14:48] [Server thread/INFO]: Sarh_a180_23 issued server command: /gamemode spectator
[03:14:48] [Server thread/INFO]: [Sarh_a180_23: Set own game mode to Spectator Mode]
[03:14:54] [Async Chat Thread - #10/INFO]: [Not Secure] ୰ Comunalgoat13 > ya
[03:14:56] [Server thread/INFO]: Sarh_a180_23 issued server command: /gamemode creative
[03:14:56] [Server thread/INFO]: [Sarh_a180_23: Set own game mode to Creative Mode]
[03:14:58] [Server thread/INFO]: Sarh_a180_23 issued server command: /gamemode spectator
[03:14:58] [Server thread/INFO]: [Sarh_a180_23: Set own game mode to Spectator Mode]
[03:15:11] [Async Chat Thread - #11/INFO]: [Not Secure] ୰ Sarh_a180_23 > Si ta god el reloj de arena?
[03:15:18] [Async Chat Thread - #11/INFO]: [Not Secure] ୰ Comunalgoat13 > zi
[03:16:08] [Async Chat Thread - #10/INFO]: [Not Secure] ୰ Sarh_a180_23 > es que quiero que lo tps de abajo tengan como conexión aqui
[03:16:09] [Server thread/INFO]: Sarh_a180_23 issued server command: /gamemode creative
[03:16:09] [Server thread/INFO]: [Sarh_a180_23: Set own game mode to Creative Mode]
[03:16:33] [Async Chat Thread - #13/INFO]: [Not Secure] ୰ Sarh_a180_23 > uno en cada cuadro de pasto xd
[03:18:05] [Async Chat Thread - #14/INFO]: [Not Secure] ୰ Comunalgoat13 > che ay vengo wua a comer ve asiendolo
[03:18:09] [Server thread/INFO]: Comunalgoat13 lost connection: Disconnected
[03:18:16] [User Authenticator #3/INFO]: UUID of player Comunalgoat13 is 991faab2-537e-3a9d-953c-ca6316bec317
[03:18:16] [Server thread/INFO]: Comunalgoat13[/127.184.4.168:41807] logged in with entity id 9304 at ([world]-13.55129603365279, 47.0, -11.699999988079071)
[03:18:26] [Async Chat Thread - #14/INFO]: [Not Secure] ୰ Comunalgoat13 > siempre no no ay xD
[03:20:35] [Async Chat Thread - #16/INFO]: [Not Secure] ୰ Sarh_a180_23 > XD
[03:20:39] [Server thread/INFO]: [Sarh_a180_23: Played sound retolatam2.0:abrirmenu to Sarh_a180_23]
[03:20:39] [Server thread/INFO]: [Sarh_a180_23: Played sound retolatam2.0:cerrarmenu to Sarh_a180_23]
[03:20:55] [Async Chat Thread - #16/INFO]: [Not Secure] ୰ Comunalgoat13 > este es una poronga
[03:21:15] [Server thread/INFO]: [Comunalgoat13: Played sound retolatam2.0:abrirmenu to Comunalgoat13]
[03:21:15] [Server thread/INFO]: [Comunalgoat13: Played sound retolatam2.0:cerrarmenu to Comunalgoat13]
[03:21:44] [Async Chat Thread - #17/INFO]: [Not Secure] ୰ Sarh_a180_23 > XD
[03:22:15] [Async Chat Thread - #17/INFO]: [Not Secure] ୰ Sarh_a180_23 > Los tripofobicos: a que miedo
[03:22:19] [Async Chat Thread - #17/INFO]: [Not Secure] ୰ Comunalgoat13 > con worl edid
[03:22:28] [Async Chat Thread - #17/INFO]: [Not Secure] ୰ Comunalgoat13 > worldedit
[03:22:43] [Async Chat Thread - #17/INFO]: [Not Secure] ୰ Sarh_a180_23 > que flojera ir pegando asi de a poco
[03:22:44] [Async Chat Thread - #16/INFO]: [Not Secure] ୰ Sarh_a180_23 > xd
[03:22:45] [Server thread/INFO]: Comunalgoat13 issued server command: //copy
[03:22:52] [Server thread/INFO]: Comunalgoat13 issued server command: //paste
[03:22:55] [Async Chat Thread - #16/INFO]: [Not Secure] ୰ Comunalgoat13 > xD
[03:22:56] [Async Chat Thread - #16/INFO]: [Not Secure] ୰ Sarh_a180_23 > XD
[03:22:58] [Server thread/INFO]: Comunalgoat13 issued server command: /undo
[03:22:59] [Async Chat Thread - #16/INFO]: [Not Secure] ୰ Sarh_a180_23 > Te digo
[03:23:01] [Server thread/INFO]: Comunalgoat13 issued server command: //paste
[03:23:02] [Async Chat Thread - #16/INFO]: [Not Secure] ୰ Sarh_a180_23 > es tedioso
[03:23:04] [Async Chat Thread - #16/INFO]: [Not Secure] ୰ Comunalgoat13 > ._.
[03:23:08] [Server thread/INFO]: Comunalgoat13 issued server command: //undo
[03:23:11] [Server thread/INFO]: Comunalgoat13 issued server command: //paste
[03:23:14] [Server thread/INFO]: Comunalgoat13 issued server command: //undo
[03:23:15] [Async Chat Thread - #16/INFO]: [Not Secure] ୰ Sarh_a180_23 > por eso mejor un material
[03:23:16] [Server thread/INFO]: Comunalgoat13 issued server command: //paste
[03:23:17] [Async Chat Thread - #16/INFO]: [Not Secure] ୰ Sarh_a180_23 > elige
[03:23:21] [Async Chat Thread - #16/INFO]: [Not Secure] ୰ Sarh_a180_23 > entre estos
[03:23:29] [Async Chat Thread - #16/INFO]: [Not Secure] ୰ Comunalgoat13 > donde estas xD?
[03:23:31] [Server thread/INFO]: Comunalgoat13 issued server command: //paste
[03:23:35] [Server thread/INFO]: Comunalgoat13 issued server command: //paste
[03:23:39] [Async Chat Thread - #18/INFO]: [Not Secure] ୰ Comunalgoat13 > ajaja mira
[03:23:42] [Async Chat Thread - #18/INFO]: [Not Secure] ୰ Sarh_a180_23 > alado de ti
[03:23:47] [Async Chat Thread - #18/INFO]: [Not Secure] ୰ Comunalgoat13 > me la pelo el worledid
[03:23:51] [Async Chat Thread - #18/INFO]: [Not Secure] ୰ Comunalgoat13 > edit xD
[03:24:02] [Async Chat Thread - #18/INFO]: [Not Secure] ୰ Comunalgoat13 > nose
[03:24:07] [Async Chat Thread - #17/INFO]: [Not Secure] ୰ Comunalgoat13 > los 3 son una mierda
[03:24:12] [Server thread/INFO]: Comunalgoat13 issued server command: //paste
[03:24:15] [Server thread/INFO]: Comunalgoat13 issued server command: //undo
[03:24:17] [Server thread/INFO]: Comunalgoat13 issued server command: //paste
[03:24:19] [Server thread/INFO]: Comunalgoat13 issued server command: //undo
[03:24:21] [Server thread/INFO]: Comunalgoat13 issued server command: //paste
[03:24:25] [Server thread/INFO]: Comunalgoat13 issued server command: //undo
[03:24:27] [Server thread/INFO]: Comunalgoat13 issued server command: //paste
[03:24:30] [Server thread/INFO]: Comunalgoat13 issued server command: //paste
[03:24:33] [Server thread/INFO]: Comunalgoat13 issued server command: //undo
[03:24:36] [Server thread/INFO]: Comunalgoat13 issued server command: //paste
[03:24:38] [Server thread/INFO]: [Sarh_a180_23: Played sound retolatam2.0:abrirmenu to Sarh_a180_23]
[03:24:39] [Server thread/INFO]: [Sarh_a180_23: Played sound retolatam2.0:cerrarmenu to Sarh_a180_23]
[03:24:39] [Server thread/INFO]: Comunalgoat13 issued server command: //undo
[03:24:42] [Server thread/INFO]: [Comunalgoat13: Played sound retolatam2.0:abrirmenu to Comunalgoat13]
[03:24:42] [Server thread/INFO]: [Comunalgoat13: Played sound retolatam2.0:cerrarmenu to Comunalgoat13]
[03:24:45] [Server thread/INFO]: Comunalgoat13 issued server command: //undo
[03:24:48] [Server thread/INFO]: Comunalgoat13 issued server command: //undo
[03:24:51] [Server thread/INFO]: Comunalgoat13 issued server command: //undio
[03:24:53] [Server thread/INFO]: Comunalgoat13 issued server command: //undo
[03:24:55] [Server thread/INFO]: Comunalgoat13 issued server command: //undo
[03:24:55] [Server thread/INFO]: Comunalgoat13 issued server command: //undo
[03:25:00] [Server thread/INFO]: Comunalgoat13 issued server command: /gamemode spectator
[03:25:00] [Server thread/INFO]: [Comunalgoat13: Set own game mode to Spectator Mode]
[03:25:09] [Server thread/INFO]: Comunalgoat13 issued server command: /gamemode creative
[03:25:09] [Server thread/INFO]: [Comunalgoat13: Set own game mode to Creative Mode]
[03:25:12] [Async Chat Thread - #19/INFO]: [Not Secure] ୰ Comunalgoat13 > maldita mierda
[03:25:14] [Server thread/INFO]: Sarh_a180_23 issued server command: /tp Comunalgoat13
[03:25:14] [Server thread/INFO]: [Sarh_a180_23: Teleported Sarh_a180_23 to Comunalgoat13]
[03:25:17] [Async Chat Thread - #20/INFO]: [Not Secure] ୰ Comunalgoat13 > le di un undo de mas xD
[03:25:20] [Async Chat Thread - #20/INFO]: [Not Secure] ୰ Sarh_a180_23 > XD
[03:25:24] [Server thread/INFO]: [Comunalgoat13: Played sound retolatam2.0:abrirmenu to Comunalgoat13]
[03:25:24] [Server thread/INFO]: [Comunalgoat13: Played sound retolatam2.0:cerrarmenu to Comunalgoat13]
[03:25:28] [Async Chat Thread - #19/INFO]: [Not Secure] ୰ Sarh_a180_23 > pues pon //redo
[03:25:30] [Server thread/INFO]: Sarh_a180_23 issued server command: /gamemode spectator
[03:25:30] [Server thread/INFO]: [Sarh_a180_23: Set own game mode to Spectator Mode]
[03:25:32] [Server thread/INFO]: Comunalgoat13 issued server command: //redo
[03:25:37] [Async Chat Thread - #19/INFO]: [Not Secure] ୰ Comunalgoat13 > :0
[03:26:07] [Server thread/INFO]: [Comunalgoat13: Played sound retolatam2.0:abrirmenu to Comunalgoat13]
[03:26:07] [Server thread/INFO]: [Comunalgoat13: Played sound retolatam2.0:cerrarmenu to Comunalgoat13]
[03:26:13] [Server thread/INFO]: Comunalgoat13 issued server command: /tp Sarh_a180_23
[03:26:13] [Server thread/INFO]: [Comunalgoat13: Teleported Comunalgoat13 to Sarh_a180_23]
[03:26:23] [Server thread/INFO]: [Comunalgoat13: Played sound retolatam2.0:abrirmenu to Comunalgoat13]
[03:26:23] [Server thread/INFO]: [Comunalgoat13: Played sound retolatam2.0:cerrarmenu to Comunalgoat13]
[03:26:32] [Server thread/INFO]: Sarh_a180_23 issued server command: //redo
[03:26:53] [Server thread/INFO]: Comunalgoat13 issued server command: /fill 5 47 -18 7 68 -18 minecraft:deepslate_bricks
[03:26:53] [Server thread/INFO]: [Comunalgoat13: Successfully filled 66 block(s)]
[03:26:55] [Server thread/INFO]: Sarh_a180_23 issued server command: /gamemode creative
[03:26:55] [Server thread/INFO]: [Sarh_a180_23: Set own game mode to Creative Mode]
[03:26:56] [Async Chat Thread - #21/INFO]: [Not Secure] ୰ Comunalgoat13 > asi???
[03:26:56] [Server thread/INFO]: Sarh_a180_23 issued server command: /gamemode spectator
[03:26:56] [Server thread/INFO]: [Sarh_a180_23: Set own game mode to Spectator Mode]
[03:27:02] [Async Chat Thread - #21/INFO]: [Not Secure] ୰ Sarh_a180_23 > mira
[03:27:06] [Async Chat Thread - #21/INFO]: [Not Secure] ୰ Sarh_a180_23 > me se un trucaso
[03:27:06] [Async Chat Thread - #21/INFO]: [Not Secure] ୰ Comunalgoat13 > miro
[03:27:18] [Server thread/INFO]: Sarh_a180_23 issued server command: //pos1
[03:27:19] [Server thread/INFO]: Sarh_a180_23 issued server command: //pos1
[03:27:26] [Server thread/INFO]: Comunalgoat13 issued server command: /fill 5 47 -18 7 68 -18 air
[03:27:26] [Server thread/INFO]: [Comunalgoat13: Successfully filled 66 block(s)]
[03:27:32] [Server thread/INFO]: Sarh_a180_23 issued server command: //pos2
[03:27:44] [Server thread/INFO]: Comunalgoat13 issued server command: /fill 5 47 -18 7 68 -18 stone
[03:27:44] [Server thread/INFO]: [Comunalgoat13: Successfully filled 64 block(s)]
[03:27:45] [Server thread/INFO]: Sarh_a180_23 issued server command: //replace stone deepslate_bricks
[03:27:48] [Async Chat Thread - #21/INFO]: [Not Secure] ୰ Comunalgoat13 > sala madre
[03:28:03] [Async Chat Thread - #21/INFO]: [Not Secure] ୰ Comunalgoat13 > remplasaste la piedra verdad?
[03:28:07] [Async Chat Thread - #21/INFO]: [Not Secure] ୰ Sarh_a180_23 > si
[03:28:10] [Async Chat Thread - #21/INFO]: [Not Secure] ୰ Comunalgoat13 > xD
[03:28:15] [Server thread/INFO]: Sarh_a180_23 issued server command: //replace dirt deepslate_bricks
[03:28:22] [Server thread/INFO]: [Comunalgoat13: Played sound retolatam2.0:abrirmenu to Comunalgoat13]
[03:28:22] [Server thread/INFO]: [Comunalgoat13: Played sound retolatam2.0:cerrarmenu to Comunalgoat13]
[03:28:38] [Server thread/INFO]: [Comunalgoat13: Played sound retolatam2.0:abrirmenu to Comunalgoat13]
[03:28:38] [Server thread/INFO]: [Comunalgoat13: Played sound retolatam2.0:cerrarmenu to Comunalgoat13]
[03:28:49] [Server thread/INFO]: Sarh_a180_23 issued server command: /gamemode creative
[03:28:49] [Server thread/INFO]: [Sarh_a180_23: Set own game mode to Creative Mode]
[03:28:55] [Async Chat Thread - #22/INFO]: [Not Secure] ୰ Comunalgoat13 > poca iluminasion
[03:29:48] [Async Chat Thread - #21/INFO]: [Not Secure] ୰ Sarh_a180_23 > XD
[03:30:01] [Async Chat Thread - #22/INFO]: [Not Secure] ୰ Comunalgoat13 > listo
[03:30:04] [Server thread/INFO]: [Comunalgoat13: Played sound retolatam2.0:abrirmenu to Comunalgoat13]
[03:30:05] [Server thread/INFO]: [Comunalgoat13: Played sound retolatam2.0:cerrarmenu to Comunalgoat13]
[03:30:05] [Async Chat Thread - #22/INFO]: [Not Secure] ୰ Sarh_a180_23 > Oye si, buna idea
[03:30:08] [Server thread/INFO]: [Comunalgoat13: Played sound retolatam2.0:abrirmenu to Comunalgoat13]
[03:30:08] [Server thread/INFO]: [Comunalgoat13: Played sound retolatam2.0:cerrarmenu to Comunalgoat13]
[03:30:17] [Async Chat Thread - #21/INFO]: [Not Secure] ୰ Comunalgoat13 > xD
[03:30:18] [Async Chat Thread - #21/INFO]: [Not Secure] ୰ Sarh_a180_23 > uno bloque de ladrillo
[03:30:22] [Async Chat Thread - #21/INFO]: [Not Secure] ୰ Sarh_a180_23 > otra de linterna
[03:30:30] [Async Chat Thread - #21/INFO]: [Not Secure] ୰ Comunalgoat13 > con mis pendejadas agarras ideas nose como le ases ._.
[03:30:34] [Async Chat Thread - #21/INFO]: [Not Secure] ୰ Sarh_a180_23 > XD
[03:30:46] [Async Chat Thread - #21/INFO]: [Not Secure] ୰ Sarh_a180_23 > Creatividad
[03:31:05] [Async Chat Thread - #21/INFO]: [Not Secure] ୰ Sarh_a180_23 > crear cosas es como pintar, yo pinto de pasatiempo :v
[03:31:26] [Server thread/INFO]: Sarh_a180_23 issued server command: //setbiome jungle
[03:31:26] [Server thread/ERROR]: An unexpected error while handling a WorldEdit command
java.lang.NullPointerException: null
	at com.google.common.base.Preconditions.checkNotNull(Preconditions.java:889) ~[guava-31.1-jre.jar:?]
	at com.sk89q.worldedit.history.change.BiomeChange3D.<init>(BiomeChange3D.java:52) ~[worldedit-bukkit-7.2.18-dist.jar:?]
	at com.sk89q.worldedit.extent.ChangeSetExtent.setBiome(ChangeSetExtent.java:72) ~[worldedit-bukkit-7.2.18-dist.jar:?]
	at com.sk89q.worldedit.extent.AbstractDelegateExtent.setBiome(AbstractDelegateExtent.java:109) ~[worldedit-bukkit-7.2.18-dist.jar:?]
	at com.sk89q.worldedit.extent.AbstractDelegateExtent.setBiome(AbstractDelegateExtent.java:109) ~[worldedit-bukkit-7.2.18-dist.jar:?]
	at com.sk89q.worldedit.extent.AbstractDelegateExtent.setBiome(AbstractDelegateExtent.java:109) ~[worldedit-bukkit-7.2.18-dist.jar:?]
	at com.sk89q.worldedit.extent.validation.DataValidatorExtent.setBiome(DataValidatorExtent.java:76) ~[worldedit-bukkit-7.2.18-dist.jar:?]
	at com.sk89q.worldedit.EditSession.setBiome(EditSession.java:676) ~[worldedit-bukkit-7.2.18-dist.jar:?]
	at com.sk89q.worldedit.function.biome.BiomeReplace.apply(BiomeReplace.java:66) ~[worldedit-bukkit-7.2.18-dist.jar:?]
	at com.sk89q.worldedit.function.visitor.RegionVisitor.resume(RegionVisitor.java:60) ~[worldedit-bukkit-7.2.18-dist.jar:?]
	at com.sk89q.worldedit.function.operation.Operations.completeLegacy(Operations.java:55) ~[worldedit-bukkit-7.2.18-dist.jar:?]
	at com.sk89q.worldedit.command.BiomeCommands.setBiome(BiomeCommands.java:195) ~[worldedit-bukkit-7.2.18-dist.jar:?]
	at com.sk89q.worldedit.command.BiomeCommandsRegistration.cmd$_setbiome(BiomeCommandsRegistration.java:171) ~[worldedit-bukkit-7.2.18-dist.jar:?]
	at org.enginehub.piston.CommandManager.execute(CommandManager.java:157) ~[worldedit-bukkit-7.2.18-dist.jar:?]
	at com.sk89q.worldedit.extension.platform.PlatformCommandManager.handleCommand(PlatformCommandManager.java:497) ~[worldedit-bukkit-7.2.18-dist.jar:?]
	at com.sk89q.worldedit.util.eventbus.MethodHandleEventHandler.dispatch(MethodHandleEventHandler.java:51) ~[worldedit-bukkit-7.2.18-dist.jar:?]
	at com.sk89q.worldedit.util.eventbus.EventHandler.handleEvent(EventHandler.java:73) ~[worldedit-bukkit-7.2.18-dist.jar:?]
	at com.sk89q.worldedit.util.eventbus.EventBus.dispatch(EventBus.java:193) ~[worldedit-bukkit-7.2.18-dist.jar:?]
	at com.sk89q.worldedit.util.eventbus.EventBus.post(EventBus.java:181) ~[worldedit-bukkit-7.2.18-dist.jar:?]
	at com.sk89q.worldedit.bukkit.WorldEditPlugin.onCommand(WorldEditPlugin.java:390) ~[worldedit-bukkit-7.2.18-dist.jar:?]
	at com.sk89q.bukkit.util.DynamicPluginCommand.execute(DynamicPluginCommand.java:55) ~[worldedit-bukkit-7.2.18-dist.jar:?]
	at org.bukkit.command.SimpleCommandMap.dispatch(SimpleCommandMap.java:155) ~[paper-api-1.20.1-R0.1-SNAPSHOT.jar:?]
	at org.bukkit.craftbukkit.v1_20_R1.CraftServer.dispatchCommand(CraftServer.java:987) ~[paper-1.20.1.jar:git-Paper-196]
	at org.bukkit.craftbukkit.v1_20_R1.command.BukkitCommandWrapper.run(BukkitCommandWrapper.java:64) ~[paper-1.20.1.jar:git-Paper-196]
	at com.mojang.brigadier.CommandDispatcher.execute(CommandDispatcher.java:265) ~[paper-1.20.1.jar:?]
	at net.minecraft.commands.Commands.performCommand(Commands.java:324) ~[?:?]
	at net.minecraft.commands.Commands.performCommand(Commands.java:308) ~[?:?]
	at net.minecraft.server.network.ServerGamePacketListenerImpl.performChatCommand(ServerGamePacketListenerImpl.java:2354) ~[?:?]
	at net.minecraft.server.network.ServerGamePacketListenerImpl.lambda$handleChatCommand$21(ServerGamePacketListenerImpl.java:2314) ~[?:?]
	at net.minecraft.util.thread.BlockableEventLoop.lambda$submitAsync$0(BlockableEventLoop.java:59) ~[?:?]
	at java.util.concurrent.CompletableFuture$AsyncSupply.run(CompletableFuture.java:1768) ~[?:?]
	at net.minecraft.server.TickTask.run(TickTask.java:18) ~[paper-1.20.1.jar:git-Paper-196]
	at net.minecraft.util.thread.BlockableEventLoop.doRunTask(BlockableEventLoop.java:153) ~[?:?]
	at net.minecraft.util.thread.ReentrantBlockableEventLoop.doRunTask(ReentrantBlockableEventLoop.java:24) ~[?:?]
	at net.minecraft.server.MinecraftServer.doRunTask(MinecraftServer.java:1338) ~[paper-1.20.1.jar:git-Paper-196]
	at net.minecraft.server.MinecraftServer.d(MinecraftServer.java:197) ~[paper-1.20.1.jar:git-Paper-196]
	at net.minecraft.util.thread.BlockableEventLoop.pollTask(BlockableEventLoop.java:126) ~[?:?]
	at net.minecraft.server.MinecraftServer.pollTaskInternal(MinecraftServer.java:1315) ~[paper-1.20.1.jar:git-Paper-196]
	at net.minecraft.server.MinecraftServer.pollTask(MinecraftServer.java:1308) ~[paper-1.20.1.jar:git-Paper-196]
	at net.minecraft.util.thread.BlockableEventLoop.managedBlock(BlockableEventLoop.java:136) ~[?:?]
	at net.minecraft.server.MinecraftServer.waitUntilNextTick(MinecraftServer.java:1286) ~[paper-1.20.1.jar:git-Paper-196]
	at net.minecraft.server.MinecraftServer.runServer(MinecraftServer.java:1174) ~[paper-1.20.1.jar:git-Paper-196]
	at net.minecraft.server.MinecraftServer.lambda$spin$0(MinecraftServer.java:317) ~[paper-1.20.1.jar:git-Paper-196]
	at java.lang.Thread.run(Thread.java:1583) ~[?:?]
[03:33:35] [Async Chat Thread - #23/INFO]: [Not Secure] ୰ Comunalgoat13 > listo :)
